<?xml version="1.0" encoding="UTF-8"?>
<testsuite xmlns:xsi="http://www.w3.org/2001/XMLSchema-instance" xsi:noNamespaceSchemaLocation="https://maven.apache.org/surefire/maven-surefire-plugin/xsd/surefire-test-report.xsd" name="OrderListTests" time="41.722" tests="3" errors="0" skipped="0" failures="0">
  <properties>
[...]
</properties>
  <testcase name="shouldReturnListOfOrdersWithPagination" classname="OrderListTests" time="40.432"/>
  <testcase name="shouldReturnErrorForInvalidCourierId" classname="OrderListTests" time="0.295"/>
  <testcase name="shouldReturnOrdersForSpecificMetroStation" classname="OrderListTests" time="0.658"/>
</testsuite>